2024-12-09 06:19:23,374 - INFO - Data directory set to: /root/myvenv/nextpj/src/data
2024-12-09 06:19:23,382 - INFO - 도로 타입 필터링 적용: ["highway"~"motorway"]
2024-12-09 06:19:23,780 - INFO - OSM 데이터 다운로드 성공. 노드 수: 304, 엣지 수: 308
2024-12-09 06:19:24,026 - INFO - OSM 파일 저장 성공: /root/myvenv/nextpj/src/data/osm.osm
2024-12-09 06:19:24,129 - INFO - SUMO 네트워크 생성 성공
2024-12-09 06:19:24,133 - INFO - 네트워크 파일 압축 완료
2024-12-09 06:19:24,156 - INFO - passenger 차량 경로 생성 중...
2024-12-09 06:19:24,946 - INFO - passenger 차량 경로 생성 완료
2024-12-09 06:19:24,948 - INFO - truck 차량 경로 생성 중...
2024-12-09 06:19:25,550 - INFO - truck 차량 경로 생성 완료
2024-12-09 06:19:25,551 - INFO - bus 차량 경로 생성 중...
2024-12-09 06:19:26,211 - INFO - bus 차량 경로 생성 완료
2024-12-09 06:19:26,216 - INFO - 경로 생성 성공
2024-12-09 06:19:26,222 - INFO - SUMO 설정 파일 생성 완료
2024-12-09 06:19:26,222 - INFO - SUMO 설정 파일 생성 성공
2024-12-09 06:43:47,634 - INFO - Data directory set to: /root/myvenv/nextpj/src/data
2024-12-09 06:43:47,641 - INFO - 도로 타입 필터링 적용: ["highway"~"motorway"]
2024-12-09 06:43:48,039 - INFO - OSM 데이터 다운로드 성공. 노드 수: 304, 엣지 수: 308
2024-12-09 06:43:48,230 - INFO - OSM 파일 저장 성공: /root/myvenv/nextpj/src/data/osm.osm
2024-12-09 06:43:48,339 - INFO - SUMO 네트워크 생성 성공
2024-12-09 06:43:48,348 - INFO - 네트워크 파일 압축 완료
2024-12-09 06:43:48,375 - INFO - passenger 차량 경로 생성 중...
2024-12-09 06:43:49,166 - INFO - passenger 차량 경로 생성 완료
2024-12-09 06:43:49,168 - INFO - truck 차량 경로 생성 중...
2024-12-09 06:43:49,798 - INFO - truck 차량 경로 생성 완료
2024-12-09 06:43:49,799 - INFO - bus 차량 경로 생성 중...
2024-12-09 06:43:50,487 - INFO - bus 차량 경로 생성 완료
2024-12-09 06:43:50,489 - INFO - 경로 생성 성공
2024-12-09 06:43:50,492 - INFO - SUMO 설정 파일 생성 완료
2024-12-09 06:43:50,493 - INFO - SUMO 설정 파일 생성 성공
